limbo-android-arm/build/intermediates/manifest_merge_blame_file/release/manifest-merger-blame-release-report.txt
1<?xml version="1.0" encoding="utf-8"?>
2<manifest xmlns:android="http://schemas.android.com/apk/res/android"
3    package="com.limbo.emu.plus.arm"
4    android:versionCode="60001"
5    android:versionName="6.0.1-arm" >
6
7    <uses-sdk
8        android:minSdkVersion="21"
8-->src\main\AndroidManifest.xml
9        android:targetSdkVersion="29" />
9-->src\main\AndroidManifest.xml
10
11    <uses-permission android:name="android.permission.INTERNET" />
11-->[:limbo-android-lib] AndroidManifest.xml:9:5-67
11-->[:limbo-android-lib] AndroidManifest.xml:9:22-64
12    <uses-permission android:name="android.permission.READ_EXTERNAL_STORAGE" />
12-->[:limbo-android-lib] AndroidManifest.xml:10:5-80
12-->[:limbo-android-lib] AndroidManifest.xml:10:22-77
13    <uses-permission android:name="android.permission.WRITE_EXTERNAL_STORAGE" />
13-->[:limbo-android-lib] AndroidManifest.xml:11:5-81
13-->[:limbo-android-lib] AndroidManifest.xml:11:22-78
14    <uses-permission android:name="android.permission.ACCESS_NETWORK_STATE" />
14-->[:limbo-android-lib] AndroidManifest.xml:12:5-79
14-->[:limbo-android-lib] AndroidManifest.xml:12:22-76
15    <uses-permission android:name="android.permission.WAKE_LOCK" />
15-->[:limbo-android-lib] AndroidManifest.xml:13:5-68
15-->[:limbo-android-lib] AndroidManifest.xml:13:22-65
16    <uses-permission android:name="android.permission.ACCESS_WIFI_STATE" />
16-->[:limbo-android-lib] AndroidManifest.xml:14:5-76
16-->[:limbo-android-lib] AndroidManifest.xml:14:22-73
17    <uses-permission android:name="android.permission.CHANGE_WIFI_STATE" />
17-->[:limbo-android-lib] AndroidManifest.xml:15:5-76
17-->[:limbo-android-lib] AndroidManifest.xml:15:22-73
18    <uses-permission android:name="android.permission.CHANGE_NETWORK_STATE" />
18-->[:limbo-android-lib] AndroidManifest.xml:16:5-79
18-->[:limbo-android-lib] AndroidManifest.xml:16:22-76
19    <uses-permission android:name="android.permission.VIBRATE" />
19-->[:limbo-android-lib] AndroidManifest.xml:17:5-66
19-->[:limbo-android-lib] AndroidManifest.xml:17:22-63
20    <uses-permission android:name="android.permission.MODIFY_AUDIO_SETTINGS" />
20-->[:limbo-android-lib] AndroidManifest.xml:18:5-80
20-->[:limbo-android-lib] AndroidManifest.xml:18:22-77
21    <uses-permission android:name="android.permission.FOREGROUND_SERVICE" />
21-->[:limbo-android-lib] AndroidManifest.xml:19:5-77
21-->[:limbo-android-lib] AndroidManifest.xml:19:22-74
22
23    <uses-feature android:glEsVersion="0x00020000" />
23-->[:limbo-android-lib] AndroidManifest.xml:21:5-54
23-->[:limbo-android-lib] AndroidManifest.xml:21:19-51
24
25    <application
25-->src\main\AndroidManifest.xml:7:5-22:19
26        android:name="com.max2idea.android.limbo.main.LimboApplication"
26-->[:limbo-android-lib] AndroidManifest.xml:24:9-72
27        android:allowBackup="true"
27-->[:limbo-android-lib] AndroidManifest.xml:25:9-35
28        android:appComponentFactory="androidx.core.app.CoreComponentFactory"
28-->[androidx.core:core:1.1.0] AndroidManifest.xml:24:18-86
29        android:hardwareAccelerated="true"
29-->[:limbo-android-lib] AndroidManifest.xml:26:9-43
30        android:icon="@drawable/limbo"
30-->[:limbo-android-lib] AndroidManifest.xml:27:9-39
31        android:label="Limbo ARM Emulator"
31-->src\main\AndroidManifest.xml:9:9-43
32        android:largeHeap="true"
32-->[:limbo-android-lib] AndroidManifest.xml:28:9-33
33        android:requestLegacyExternalStorage="true"
33-->[:limbo-android-lib] AndroidManifest.xml:29:9-52
34        android:roundIcon="@drawable/limbo_circle"
34-->[:limbo-android-lib] AndroidManifest.xml:30:9-51
35        android:theme="@style/Theme.AppCompat" >
35-->[:limbo-android-lib] AndroidManifest.xml:31:9-47
36        <activity
36-->src\main\AndroidManifest.xml:11:9-21:20
37            android:name="com.limbo.emu.plus.arm.LimboEmuActivity"
37-->src\main\AndroidManifest.xml:12:13-67
38            android:configChanges="mcc|mnc|locale|touchscreen|keyboard|keyboardHidden|navigation|screenLayout|fontScale|uiMode|orientation|screenSize|smallestScreenSize"
38-->src\main\AndroidManifest.xml:13:13-170
39            android:label="Limbo ARM"
39-->src\main\AndroidManifest.xml:14:13-38
40            android:launchMode="singleTop"
40-->src\main\AndroidManifest.xml:15:13-43
41            android:theme="@style/Theme.AppCompat.NoActionBar" >
41-->src\main\AndroidManifest.xml:16:13-63
42            <intent-filter>
42-->src\main\AndroidManifest.xml:17:13-20:29
43                <action android:name="android.intent.action.MAIN" />
43-->src\main\AndroidManifest.xml:18:17-69
43-->src\main\AndroidManifest.xml:18:25-66
44
45                <category android:name="android.intent.category.LAUNCHER" />
45-->src\main\AndroidManifest.xml:19:17-77
45-->src\main\AndroidManifest.xml:19:27-74
46            </intent-filter>
47        </activity>
48        <activity
48-->[:limbo-android-lib] AndroidManifest.xml:32:9-35:51
49            android:name="com.max2idea.android.limbo.main.LimboFileManager"
49-->[:limbo-android-lib] AndroidManifest.xml:33:13-76
50            android:configChanges="mcc|mnc|locale|touchscreen|keyboard|keyboardHidden|navigation|screenLayout|fontScale|uiMode|orientation|screenSize|smallestScreenSize"
50-->[:limbo-android-lib] AndroidManifest.xml:34:13-170
51            android:label="@string/filemanager" />
51-->[:limbo-android-lib] AndroidManifest.xml:35:13-48
52        <activity
52-->[:limbo-android-lib] AndroidManifest.xml:36:9-41:66
53            android:name="com.max2idea.android.limbo.main.LimboSDLActivity"
53-->[:limbo-android-lib] AndroidManifest.xml:37:13-76
54            android:configChanges="mcc|mnc|locale|touchscreen|keyboard|keyboardHidden|navigation|screenLayout|fontScale|uiMode|orientation|screenSize|smallestScreenSize"
54-->[:limbo-android-lib] AndroidManifest.xml:38:13-170
55            android:label="@string/app_name"
55-->[:limbo-android-lib] AndroidManifest.xml:39:13-45
56            android:launchMode="singleTask"
56-->[:limbo-android-lib] AndroidManifest.xml:40:13-44
57            android:theme="@style/Theme.AppCompat.NoActionBar" />
57-->[:limbo-android-lib] AndroidManifest.xml:41:13-63
58        <activity
58-->[:limbo-android-lib] AndroidManifest.xml:42:9-45:48
59            android:name="com.max2idea.android.limbo.main.LimboSettingsManager"
59-->[:limbo-android-lib] AndroidManifest.xml:43:13-80
60            android:configChanges="mcc|mnc|locale|touchscreen|keyboard|keyboardHidden|navigation|screenLayout|fontScale|uiMode|orientation|screenSize|smallestScreenSize"
60-->[:limbo-android-lib] AndroidManifest.xml:44:13-170
61            android:label="@string/Settings" />
61-->[:limbo-android-lib] AndroidManifest.xml:45:13-45
62
63        <service
63-->[:limbo-android-lib] AndroidManifest.xml:47:9-55:19
64            android:name="com.max2idea.android.limbo.machine.MachineService"
64-->[:limbo-android-lib] AndroidManifest.xml:48:13-77
65            android:enabled="true"
65-->[:limbo-android-lib] AndroidManifest.xml:49:13-35
66            android:exported="false"
66-->[:limbo-android-lib] AndroidManifest.xml:50:13-37
67            android:label="@string/limboservice" >
67-->[:limbo-android-lib] AndroidManifest.xml:51:13-49
68            <intent-filter>
68-->[:limbo-android-lib] AndroidManifest.xml:52:13-54:29
69                <action android:name="com.max2idea.android.limbo.action.STARTVM" />
69-->[:limbo-android-lib] AndroidManifest.xml:53:17-84
69-->[:limbo-android-lib] AndroidManifest.xml:53:25-81
70            </intent-filter>
71        </service>
72
73        <provider
73-->[androidx.lifecycle:lifecycle-process:2.2.0] AndroidManifest.xml:25:9-29:43
74            android:name="androidx.lifecycle.ProcessLifecycleOwnerInitializer"
74-->[androidx.lifecycle:lifecycle-process:2.2.0] AndroidManifest.xml:26:13-79
75            android:authorities="com.limbo.emu.plus.arm.lifecycle-process"
75-->[androidx.lifecycle:lifecycle-process:2.2.0] AndroidManifest.xml:27:13-69
76            android:exported="false"
76-->[androidx.lifecycle:lifecycle-process:2.2.0] AndroidManifest.xml:28:13-37
77            android:multiprocess="true" />
77-->[androidx.lifecycle:lifecycle-process:2.2.0] AndroidManifest.xml:29:13-40
78    </application>
79
80</manifest>